<?xml version="1.0" encoding="UTF-8"?>
<!-- Generated by org.testng.reporters.JUnitXMLReporter -->
<testsuite ignored="0" hostname="LAPTOP-AUC74H3H" failures="0" tests="8" name="chrome test" time="77.589" errors="0" timestamp="2023-12-08T20:35:19 IST">
  <testcase classname="empdetails.com.NewTest" name="read" time="0.809"/>
  <testcase classname="empdetails.com.NewTest" name="login" time="0.147"/>
  <testcase classname="empdetails.com.NewTest" name="tab" time="5.571"/>
  <testcase classname="empdetails.com.NewTest" name="fill" time="4.584"/>
  <testcase classname="empdetails.com.NewTest" name="save" time="5.082"/>
  <testcase classname="empdetails.com.NewTest" name="tabswitch" time="13.217"/>
  <testcase classname="empdetails.com.NewTest" name="editdetails" time="12.72"/>
  <testcase classname="empdetails.com.NewTest" name="logout" time="8.023"/>
</testsuite> <!-- chrome test -->
