<?xml version="1.0" encoding="UTF-8"?>
<!-- Generated by org.testng.reporters.JUnitXMLReporter -->
<testsuite ignored="0" hostname="LAPTOP-AUC74H3H" failures="0" tests="8" name="edge test" time="82.102" errors="0" timestamp="2023-12-08T20:35:24 IST">
  <testcase classname="empdetails.com.NewTest" name="read" time="0.175"/>
  <testcase classname="empdetails.com.NewTest" name="login" time="0.196"/>
  <testcase classname="empdetails.com.NewTest" name="tab" time="7.612"/>
  <testcase classname="empdetails.com.NewTest" name="fill" time="6.663"/>
  <testcase classname="empdetails.com.NewTest" name="save" time="5.074"/>
  <testcase classname="empdetails.com.NewTest" name="tabswitch" time="12.685"/>
  <testcase classname="empdetails.com.NewTest" name="editdetails" time="13.06"/>
  <testcase classname="empdetails.com.NewTest" name="logout" time="6.212"/>
</testsuite> <!-- edge test -->
