<?xml version="1.0" encoding="UTF-8"?>
<!-- Generated by org.testng.reporters.JUnitXMLReporter -->
<testsuite ignored="0" hostname="LTIN487518" failures="0" tests="8" name="chrome test" time="65.898" errors="0" timestamp="2024-01-30T09:17:40 GMT+05:30">
  <testcase classname="empdetails.com.NewTest" name="read" time="0.67"/>
  <testcase classname="empdetails.com.NewTest" name="login" time="0.179"/>
  <testcase classname="empdetails.com.NewTest" name="tab" time="4.096"/>
  <testcase classname="empdetails.com.NewTest" name="fill" time="11.049"/>
  <testcase classname="empdetails.com.NewTest" name="save" time="5.156"/>
  <testcase classname="empdetails.com.NewTest" name="tabswitch" time="12.14"/>
  <testcase classname="empdetails.com.NewTest" name="editdetails" time="13.891"/>
  <testcase classname="empdetails.com.NewTest" name="logout" time="7.233"/>
</testsuite> <!-- chrome test -->
