<?xml version="1.0" encoding="UTF-8"?>
<!-- Generated by org.testng.reporters.JUnitXMLReporter -->
<testsuite ignored="0" hostname="LTIN487518" failures="0" tests="8" name="edge test" time="66.464" errors="0" timestamp="2024-01-30T09:17:40 GMT+05:30">
  <testcase classname="empdetails.com.NewTest" name="read" time="0.148"/>
  <testcase classname="empdetails.com.NewTest" name="login" time="0.188"/>
  <testcase classname="empdetails.com.NewTest" name="tab" time="4.7"/>
  <testcase classname="empdetails.com.NewTest" name="fill" time="11.016"/>
  <testcase classname="empdetails.com.NewTest" name="save" time="5.093"/>
  <testcase classname="empdetails.com.NewTest" name="tabswitch" time="13.048"/>
  <testcase classname="empdetails.com.NewTest" name="editdetails" time="12.933"/>
  <testcase classname="empdetails.com.NewTest" name="logout" time="7.324"/>
</testsuite> <!-- edge test -->
