<?xml version="1.0" encoding="UTF-8"?>
<testng-results ignored="0" total="16" passed="16" failed="0" skipped="0">
  <reporter-output>
  </reporter-output>
  <suite started-at="2024-01-30T09:16:34 GMT+05:30" name="Suite" finished-at="2024-01-30T09:17:40 GMT+05:30" duration-ms="66464">
    <groups>
    </groups>
    <test started-at="2024-01-30T09:16:34 GMT+05:30" name="chrome test" finished-at="2024-01-30T09:17:40 GMT+05:30" duration-ms="65898">
      <class name="empdetails.com.NewTest">
        <test-method is-config="true" signature="setup(java.lang.String,java.lang.String)[pri:0, instance:empdetails.com.NewTest@52af26ee]" started-at="2024-01-30T09:16:34 GMT+05:30" name="setup" finished-at="2024-01-30T09:16:45 GMT+05:30" duration-ms="11448" status="PASS">
          <params>
            <param index="0">
              <value>
                <![CDATA[chrome]]>
              </value>
            </param>
            <param index="1">
              <value>
                <![CDATA[https://opensource-demo.orangehrmlive.com/]]>
              </value>
            </param>
          </params>
          <reporter-output>
          </reporter-output>
        </test-method> <!-- setup -->
        <test-method signature="read()[pri:1, instance:empdetails.com.NewTest@52af26ee]" started-at="2024-01-30T09:16:45 GMT+05:30" name="read" finished-at="2024-01-30T09:16:46 GMT+05:30" duration-ms="670" status="PASS">
          <reporter-output>
          </reporter-output>
        </test-method> <!-- read -->
        <test-method signature="login()[pri:2, instance:empdetails.com.NewTest@52af26ee]" started-at="2024-01-30T09:16:46 GMT+05:30" name="login" finished-at="2024-01-30T09:16:46 GMT+05:30" duration-ms="179" status="PASS">
          <reporter-output>
          </reporter-output>
        </test-method> <!-- login -->
        <test-method signature="tab()[pri:3, instance:empdetails.com.NewTest@52af26ee]" started-at="2024-01-30T09:16:46 GMT+05:30" name="tab" finished-at="2024-01-30T09:16:50 GMT+05:30" duration-ms="4096" status="PASS">
          <reporter-output>
          </reporter-output>
        </test-method> <!-- tab -->
        <test-method signature="fill()[pri:4, instance:empdetails.com.NewTest@52af26ee]" started-at="2024-01-30T09:16:50 GMT+05:30" name="fill" finished-at="2024-01-30T09:17:01 GMT+05:30" duration-ms="11049" status="PASS">
          <reporter-output>
          </reporter-output>
        </test-method> <!-- fill -->
        <test-method signature="save()[pri:5, instance:empdetails.com.NewTest@52af26ee]" started-at="2024-01-30T09:17:01 GMT+05:30" name="save" finished-at="2024-01-30T09:17:07 GMT+05:30" duration-ms="5156" status="PASS">
          <reporter-output>
          </reporter-output>
        </test-method> <!-- save -->
        <test-method signature="tabswitch()[pri:6, instance:empdetails.com.NewTest@52af26ee]" started-at="2024-01-30T09:17:07 GMT+05:30" name="tabswitch" finished-at="2024-01-30T09:17:19 GMT+05:30" duration-ms="12140" status="PASS">
          <reporter-output>
          </reporter-output>
        </test-method> <!-- tabswitch -->
        <test-method signature="editdetails()[pri:7, instance:empdetails.com.NewTest@52af26ee]" started-at="2024-01-30T09:17:19 GMT+05:30" name="editdetails" finished-at="2024-01-30T09:17:33 GMT+05:30" duration-ms="13891" status="PASS">
          <reporter-output>
          </reporter-output>
        </test-method> <!-- editdetails -->
        <test-method signature="logout()[pri:8, instance:empdetails.com.NewTest@52af26ee]" started-at="2024-01-30T09:17:33 GMT+05:30" name="logout" finished-at="2024-01-30T09:17:40 GMT+05:30" duration-ms="7233" status="PASS">
          <reporter-output>
          </reporter-output>
        </test-method> <!-- logout -->
      </class> <!-- empdetails.com.NewTest -->
    </test> <!-- chrome test -->
    <test started-at="2024-01-30T09:16:34 GMT+05:30" name="edge test" finished-at="2024-01-30T09:17:40 GMT+05:30" duration-ms="66464">
      <class name="empdetails.com.NewTest">
        <test-method is-config="true" signature="setup(java.lang.String,java.lang.String)[pri:0, instance:empdetails.com.NewTest@4659191b]" started-at="2024-01-30T09:16:34 GMT+05:30" name="setup" finished-at="2024-01-30T09:16:46 GMT+05:30" duration-ms="11992" status="PASS">
          <params>
            <param index="0">
              <value>
                <![CDATA[edge]]>
              </value>
            </param>
            <param index="1">
              <value>
                <![CDATA[https://opensource-demo.orangehrmlive.com/]]>
              </value>
            </param>
          </params>
          <reporter-output>
          </reporter-output>
        </test-method> <!-- setup -->
        <test-method signature="read()[pri:1, instance:empdetails.com.NewTest@4659191b]" started-at="2024-01-30T09:16:46 GMT+05:30" name="read" finished-at="2024-01-30T09:16:46 GMT+05:30" duration-ms="148" status="PASS">
          <reporter-output>
          </reporter-output>
        </test-method> <!-- read -->
        <test-method signature="login()[pri:2, instance:empdetails.com.NewTest@4659191b]" started-at="2024-01-30T09:16:46 GMT+05:30" name="login" finished-at="2024-01-30T09:16:46 GMT+05:30" duration-ms="188" status="PASS">
          <reporter-output>
          </reporter-output>
        </test-method> <!-- login -->
        <test-method signature="tab()[pri:3, instance:empdetails.com.NewTest@4659191b]" started-at="2024-01-30T09:16:46 GMT+05:30" name="tab" finished-at="2024-01-30T09:16:51 GMT+05:30" duration-ms="4700" status="PASS">
          <reporter-output>
          </reporter-output>
        </test-method> <!-- tab -->
        <test-method signature="fill()[pri:4, instance:empdetails.com.NewTest@4659191b]" started-at="2024-01-30T09:16:51 GMT+05:30" name="fill" finished-at="2024-01-30T09:17:02 GMT+05:30" duration-ms="11016" status="PASS">
          <reporter-output>
          </reporter-output>
        </test-method> <!-- fill -->
        <test-method signature="save()[pri:5, instance:empdetails.com.NewTest@4659191b]" started-at="2024-01-30T09:17:02 GMT+05:30" name="save" finished-at="2024-01-30T09:17:07 GMT+05:30" duration-ms="5093" status="PASS">
          <reporter-output>
          </reporter-output>
        </test-method> <!-- save -->
        <test-method signature="tabswitch()[pri:6, instance:empdetails.com.NewTest@4659191b]" started-at="2024-01-30T09:17:07 GMT+05:30" name="tabswitch" finished-at="2024-01-30T09:17:20 GMT+05:30" duration-ms="13048" status="PASS">
          <reporter-output>
          </reporter-output>
        </test-method> <!-- tabswitch -->
        <test-method signature="editdetails()[pri:7, instance:empdetails.com.NewTest@4659191b]" started-at="2024-01-30T09:17:20 GMT+05:30" name="editdetails" finished-at="2024-01-30T09:17:33 GMT+05:30" duration-ms="12933" status="PASS">
          <reporter-output>
          </reporter-output>
        </test-method> <!-- editdetails -->
        <test-method signature="logout()[pri:8, instance:empdetails.com.NewTest@4659191b]" started-at="2024-01-30T09:17:33 GMT+05:30" name="logout" finished-at="2024-01-30T09:17:40 GMT+05:30" duration-ms="7324" status="PASS">
          <reporter-output>
          </reporter-output>
        </test-method> <!-- logout -->
      </class> <!-- empdetails.com.NewTest -->
    </test> <!-- edge test -->
  </suite> <!-- Suite -->
</testng-results>
